<?xml version="1.0" encoding="UTF-8"?>
<!-- Generated by org.testng.reporters.JUnitReportReporter -->
<testsuite skipped="0" hostname="krishna-PC" name="testcase.Tc_03" tests="1" failures="0" timestamp="09 May 2017 13:43:09 GMT" time="13.501" errors="0">
  <testcase name="m1" time="13.501" classname="testcase.Tc_03"/>
</testsuite> <!-- testcase.Tc_03 -->
